<?xml version="1.0" encoding="UTF-8"?>
<testsuite name="com.joantolos.kata.social.networking.ui.UserInterfaceSpec" tests="4" skipped="0" failures="0" errors="0" timestamp="2017-12-13T09:23:33" hostname="Joans-MacBook-Pro.local" time="0.012">
  <properties/>
  <testcase name="User Interface should print wall posts" classname="com.joantolos.kata.social.networking.ui.UserInterfaceSpec" time="0.011"/>
  <testcase name="User Interface should print read posts" classname="com.joantolos.kata.social.networking.ui.UserInterfaceSpec" time="0.0"/>
  <testcase name="User Interface should print prompt" classname="com.joantolos.kata.social.networking.ui.UserInterfaceSpec" time="0.001"/>
  <testcase name="User Interface should print exit" classname="com.joantolos.kata.social.networking.ui.UserInterfaceSpec" time="0.0"/>
  <system-out><![CDATA[kata-social-network > 
Bye!
]]></system-out>
  <system-err><![CDATA[]]></system-err>
</testsuite>
