<?xml version="1.0" encoding="UTF-8"?>
<testsuite name="com.joantolos.kata.social.networking.command.CommandFactorySpec" tests="5" skipped="0" failures="0" errors="0" timestamp="2017-12-13T09:23:25" hostname="Joans-MacBook-Pro.local" time="0.176">
  <properties/>
  <testcase name="Should recognize post command" classname="com.joantolos.kata.social.networking.command.CommandFactorySpec" time="0.17"/>
  <testcase name="Should recognize post command with special characters" classname="com.joantolos.kata.social.networking.command.CommandFactorySpec" time="0.0"/>
  <testcase name="Should recognize read command" classname="com.joantolos.kata.social.networking.command.CommandFactorySpec" time="0.002"/>
  <testcase name="Should recognize follow command" classname="com.joantolos.kata.social.networking.command.CommandFactorySpec" time="0.001"/>
  <testcase name="Should recognize wall command" classname="com.joantolos.kata.social.networking.command.CommandFactorySpec" time="0.002"/>
  <system-out><![CDATA[]]></system-out>
  <system-err><![CDATA[]]></system-err>
</testsuite>
